Arguments: 
  /Users/n0350218/.nvm/versions/node/v6.14.0/bin/node /usr/local/Cellar/yarn/1.9.4/libexec/bin/yarn.js

PATH: 
  /Users/n0350218/.nvm/versions/node/v6.14.0/bin:/usr/local/bin:/usr/bin:/bin:/usr/sbin:/sbin

Yarn version: 
  1.9.4

Node version: 
  6.14.0

Platform: 
  darwin x64

Trace: 
  Error: https://registry.yarnpkg.com/@elastic%2feslint-config-kibana: ETIMEDOUT
      at Timeout._onTimeout (/usr/local/Cellar/yarn/1.9.4/libexec/lib/cli.js:138128:19)
      at ontimeout (timers.js:386:11)
      at tryOnTimeout (timers.js:250:5)
      at Timer.listOnTimeout (timers.js:214:5)

npm manifest: 
  {
    "name": "hello",
    "version": "0.0.0",
    "description": "An awesome Kibana plugin",
    "main": "index.js",
    "kibana": {
      "version": "6.2.4"
    },
    "scripts": {
      "lint": "eslint",
      "start": "plugin-helpers start",
      "test:server": "plugin-helpers test:server",
      "test:browser": "plugin-helpers test:browser",
      "build": "plugin-helpers build",
      "postinstall": "plugin-helpers postinstall"
    },
    "devDependencies": {
      "@elastic/eslint-config-kibana": "0.0.2",
      "@elastic/plugin-helpers": "^6.0.0",
      "babel-eslint": "4.1.8",
      "eslint": "1.10.3",
      "eslint-plugin-mocha": "1.1.0",
      "expect.js": "^0.3.1"
    }
  }

yarn manifest: 
  No manifest

Lockfile: 
  No lockfile
